Using pre-set license
Built from '2020.2/staging' branch; Version is '2020.2.3f1 (8ff31bc5bf5b) revision 9433883'; Using compiler version '192528614'; Build Type 'Release'
OS: 'Windows 10 Home Single Language; OS build 19042.867; Version 2009; 64bit' Language: 'es' Physical Memory: 11164 MB
BatchMode: 1, IsHumanControllingUs: 0, StartBugReporterOnCrash: 0, Is64bit: 1, IsPro: 0

 COMMAND LINE ARGUMENTS:
C:\Program Files\Unity\Hub\Editor\2020.2.3f1\Editor\Unity.exe
-adb2
-batchMode
-noUpm
-name
AssetImportWorker0
-projectPath
D:/Unity projects/Juego-2D/Juego-2D
-logFile
Logs/AssetImportWorker0.log
-srvPort
2046
Successfully changed project path to: D:/Unity projects/Juego-2D/Juego-2D
D:/Unity projects/Juego-2D/Juego-2D
Using Asset Import Pipeline V2.
Refreshing native plugins compatible for Editor in 102.25 ms, found 1 plugins.
Preloading 0 native plugins for Editor in 0.00 ms.
Initialize engine version: 2020.2.3f1 (8ff31bc5bf5b)
[Subsystems] Discovering subsystems at path C:/Program Files/Unity/Hub/Editor/2020.2.3f1/Editor/Data/Resources/UnitySubsystems
[Subsystems] Discovering subsystems at path D:/Unity projects/Juego-2D/Juego-2D/Assets
GfxDevice: creating device client; threaded=0
Direct3D:
    Version:  Direct3D 11.0 [level 11.1]
    Renderer: AMD Radeon(TM) Vega 8 Graphics (ID=0x15dd)
    Vendor:   
    VRAM:     5582 MB
    Driver:   26.20.12036.1
Initialize mono
Mono path[0] = 'C:/Program Files/Unity/Hub/Editor/2020.2.3f1/Editor/Data/Managed'
Mono path[1] = 'C:/Program Files/Unity/Hub/Editor/2020.2.3f1/Editor/Data/MonoBleedingEdge/lib/mono/unityjit'
Mono config path = 'C:/Program Files/Unity/Hub/Editor/2020.2.3f1/Editor/Data/MonoBleedingEdge/etc'
Using monoOptions --debugger-agent=transport=dt_socket,embedding=1,server=y,suspend=n,address=127.0.0.1:56756
Begin MonoManager ReloadAssembly
Registering precompiled unity dll's ...
Register platform support module: C:/Program Files/Unity/Hub/Editor/2020.2.3f1/Editor/Data/PlaybackEngines/WindowsStandaloneSupport/UnityEditor.WindowsStandalone.Extensions.dll
Registered in 0.009943 seconds.
Native extension for WindowsStandalone target not found
Refreshing native plugins compatible for Editor in 94.28 ms, found 1 plugins.
Preloading 0 native plugins for Editor in 0.00 ms.
Invoked RoslynAnalysisRunner static constructor.
RoslynAnalysisRunner will not be running.
RoslynAnalysisRunner has terminated.
Mono: successfully reloaded assembly
- Completed reload, in  4.160 seconds
Platform modules already initialized, skipping
Registering precompiled user dll's ...
Registered in 0.001762 seconds.
Begin MonoManager ReloadAssembly
Native extension for WindowsStandalone target not found
Refreshing native plugins compatible for Editor in 104.62 ms, found 1 plugins.
Preloading 0 native plugins for Editor in 0.00 ms.
Invoked RoslynAnalysisRunner static constructor.
RoslynAnalysisRunner will not be running.
RoslynAnalysisRunner has terminated.
Mono: successfully reloaded assembly
- Completed reload, in  1.961 seconds
Platform modules already initialized, skipping
========================================================================
Worker process is ready to serve import requests
Launched and connected shader compiler UnityShaderCompiler.exe after 0.17 seconds
Refreshing native plugins compatible for Editor in 1.16 ms, found 1 plugins.
Preloading 0 native plugins for Editor in 0.00 ms.
Unloading 2254 Unused Serialized files (Serialized files now loaded: 0)
System memory in use before: 108.6 MB.
System memory in use after: 108.6 MB.

Unloading 24 unused Assets to reduce memory usage. Loaded Objects now: 2706.
Total: 3.598000 ms (FindLiveObjects: 0.535400 ms CreateObjectMapping: 0.130400 ms MarkObjects: 2.712000 ms  DeleteObjects: 0.218500 ms)

========================================================================
Received Import Request.
  path: Assets/Scene1.unity
  artifactKey: Guid(a7036b5944d0304479add5e29f74b5c7) Importer(815301076,1909f56bfc062723c751e8b465ee728b)
Start importing Assets/Scene1.unity using Guid(a7036b5944d0304479add5e29f74b5c7) Importer(815301076,1909f56bfc062723c751e8b465ee728b)  -> (artifact id: 'b84ff07d28cbbe3b32c41264b0f60846') in 0.073480 seconds
  Import took 0.078654 seconds .

========================================================================
Received Import Request.
  Time since last request: 646.701138 seconds.
  path: Assets/2DGamekit/Prefabs/VFX
  artifactKey: Guid(d09e5d6ecd262b543adc0361c4b449f7) Importer(815301076,1909f56bfc062723c751e8b465ee728b)
Start importing Assets/2DGamekit/Prefabs/VFX using Guid(d09e5d6ecd262b543adc0361c4b449f7) Importer(815301076,1909f56bfc062723c751e8b465ee728b)  -> (artifact id: 'a0357f9537c1a49fac4c631478ebe228') in 0.094778 seconds
  Import took 0.103936 seconds .

========================================================================
Received Import Request.
  Time since last request: 1.968342 seconds.
  path: Assets/2DGamekit/Prefabs/VFX/Enemies
  artifactKey: Guid(f55c318f92365b241953cdb2b8d09907) Importer(815301076,1909f56bfc062723c751e8b465ee728b)
Start importing Assets/2DGamekit/Prefabs/VFX/Enemies using Guid(f55c318f92365b241953cdb2b8d09907) Importer(815301076,1909f56bfc062723c751e8b465ee728b)  -> (artifact id: '68eb2210f145fcaf009ddbd413f5a706') in 0.041365 seconds
  Import took 0.050728 seconds .

========================================================================
Received Import Request.
  Time since last request: 0.010303 seconds.
  path: Assets/2DGamekit/Prefabs/VFX/Enemies
  artifactKey: Guid(f55c318f92365b241953cdb2b8d09907) Importer(815301076,1909f56bfc062723c751e8b465ee728b)
Start importing Assets/2DGamekit/Prefabs/VFX/Enemies using Guid(f55c318f92365b241953cdb2b8d09907) Importer(815301076,1909f56bfc062723c751e8b465ee728b)  -> (artifact id: '68eb2210f145fcaf009ddbd413f5a706') in 0.008269 seconds
  Import took 0.018193 seconds .

========================================================================
Received Import Request.
  Time since last request: 2.065898 seconds.
  path: Assets/2DGamekit/Prefabs/VFX/Enemies/Chomper/ChomperBiteEffect.prefab
  artifactKey: Guid(36e8cdbcd42e8104cb2a7e06368f23e9) Importer(815301076,1909f56bfc062723c751e8b465ee728b)
Start importing Assets/2DGamekit/Prefabs/VFX/Enemies/Chomper/ChomperBiteEffect.prefab using Guid(36e8cdbcd42e8104cb2a7e06368f23e9) Importer(815301076,1909f56bfc062723c751e8b465ee728b)  -> (artifact id: '79c781e4c48df567be14a7e1e6158a55') in 0.301658 seconds
  Import took 0.311169 seconds .

========================================================================
Received Import Request.
  Time since last request: 0.000710 seconds.
  path: Assets/2DGamekit/Prefabs/VFX/Enemies/Chomper/ChomperDie.prefab
  artifactKey: Guid(61a6972b233f54246b0d0c15eabfb857) Importer(815301076,1909f56bfc062723c751e8b465ee728b)
Start importing Assets/2DGamekit/Prefabs/VFX/Enemies/Chomper/ChomperDie.prefab using Guid(61a6972b233f54246b0d0c15eabfb857) Importer(815301076,1909f56bfc062723c751e8b465ee728b)  -> (artifact id: '3e7a84b373a107792aa13600bbb11172') in 0.038193 seconds
  Import took 0.049959 seconds .

========================================================================
Received Import Request.
  Time since last request: 0.000650 seconds.
  path: Assets/2DGamekit/Prefabs/VFX/Enemies/Chomper
  artifactKey: Guid(f8ea2a46742147f4ba2f15b84eef94c9) Importer(815301076,1909f56bfc062723c751e8b465ee728b)
Start importing Assets/2DGamekit/Prefabs/VFX/Enemies/Chomper using Guid(f8ea2a46742147f4ba2f15b84eef94c9) Importer(815301076,1909f56bfc062723c751e8b465ee728b)  -> (artifact id: '584df09e0c6abf2064ec97da30c30a78') in 0.009187 seconds
  Import took 0.020056 seconds .

========================================================================
Received Import Request.
  Time since last request: 2.492335 seconds.
  path: Assets/2DGamekit/Prefabs/VFX/Enemies/Gunner
  artifactKey: Guid(6462828cdbd60c444865cce7604ae6fd) Importer(815301076,1909f56bfc062723c751e8b465ee728b)
Start importing Assets/2DGamekit/Prefabs/VFX/Enemies/Gunner using Guid(6462828cdbd60c444865cce7604ae6fd) Importer(815301076,1909f56bfc062723c751e8b465ee728b)  -> (artifact id: '447aa38da693ca7f1cb55e484e3b6851') in 0.010327 seconds
  Import took 0.075086 seconds .

========================================================================
Received Import Request.
  Time since last request: 0.000691 seconds.
  path: Assets/2DGamekit/Prefabs/VFX/Enemies/Gunner/GunnerGrenade.prefab
  artifactKey: Guid(2ac3d03c4b22fb24a9d186e58a291f57) Importer(815301076,1909f56bfc062723c751e8b465ee728b)
Start importing Assets/2DGamekit/Prefabs/VFX/Enemies/Gunner/GunnerGrenade.prefab using Guid(2ac3d03c4b22fb24a9d186e58a291f57) Importer(815301076,1909f56bfc062723c751e8b465ee728b)  -> (artifact id: '9308b240bb18cf7e4f4a0049a99ff524') in 0.068146 seconds
  Import took 0.079561 seconds .

========================================================================
Received Import Request.
  Time since last request: 0.000663 seconds.
  path: Assets/2DGamekit/Prefabs/VFX/Enemies/Gunner/GunnerShieldHit.prefab
  artifactKey: Guid(c5f99beb88686a342b1d3a911e99f8c1) Importer(815301076,1909f56bfc062723c751e8b465ee728b)
Start importing Assets/2DGamekit/Prefabs/VFX/Enemies/Gunner/GunnerShieldHit.prefab using Guid(c5f99beb88686a342b1d3a911e99f8c1) Importer(815301076,1909f56bfc062723c751e8b465ee728b)  -> (artifact id: '75cb7ad2786c79edf2b0f879f3097e11') in 0.017395 seconds
  Import took 0.028237 seconds .

========================================================================
Received Import Request.
  Time since last request: 0.000780 seconds.
  path: Assets/2DGamekit/Prefabs/VFX/Enemies/Gunner/GunnerProjectileFire.prefab
  artifactKey: Guid(62e2325fb41250c478144a6d6d028060) Importer(815301076,1909f56bfc062723c751e8b465ee728b)
Start importing Assets/2DGamekit/Prefabs/VFX/Enemies/Gunner/GunnerProjectileFire.prefab using Guid(62e2325fb41250c478144a6d6d028060) Importer(815301076,1909f56bfc062723c751e8b465ee728b)  -> (artifact id: '817a7a95c6e9c6a432f06b5588cd141b') in 0.016444 seconds
  Import took 0.027313 seconds .

========================================================================
Received Import Request.
  Time since last request: 0.000658 seconds.
  path: Assets/2DGamekit/Prefabs/VFX/Enemies/Gunner/GunnerDamage.prefab
  artifactKey: Guid(d5a14f17f544e6c4db02c9bdfbb9b1b0) Importer(815301076,1909f56bfc062723c751e8b465ee728b)
Start importing Assets/2DGamekit/Prefabs/VFX/Enemies/Gunner/GunnerDamage.prefab using Guid(d5a14f17f544e6c4db02c9bdfbb9b1b0) Importer(815301076,1909f56bfc062723c751e8b465ee728b)  -> (artifact id: '16b0cfc9c9ddf9e64fa5a6f9df6db462') in 0.022000 seconds
  Import took 0.034217 seconds .

========================================================================
Received Import Request.
  Time since last request: 0.000705 seconds.
  path: Assets/2DGamekit/Prefabs/VFX/Enemies/Gunner/GunnerProjectileHit.prefab
  artifactKey: Guid(ebf7ed0a9a9a50e498db0703765a94a6) Importer(815301076,1909f56bfc062723c751e8b465ee728b)
Start importing Assets/2DGamekit/Prefabs/VFX/Enemies/Gunner/GunnerProjectileHit.prefab using Guid(ebf7ed0a9a9a50e498db0703765a94a6) Importer(815301076,1909f56bfc062723c751e8b465ee728b)  -> (artifact id: 'ec146af4887792f391d52eab2a836cb0') in 0.015035 seconds
  Import took 0.025080 seconds .

========================================================================
Received Import Request.
  Time since last request: 0.000716 seconds.
  path: Assets/2DGamekit/Prefabs/VFX/Enemies/Gunner/GunnerUpBeamEffect.prefab
  artifactKey: Guid(9900d904a54f7f2478123cb690ab35a4) Importer(815301076,1909f56bfc062723c751e8b465ee728b)
Start importing Assets/2DGamekit/Prefabs/VFX/Enemies/Gunner/GunnerUpBeamEffect.prefab using Guid(9900d904a54f7f2478123cb690ab35a4) Importer(815301076,1909f56bfc062723c751e8b465ee728b)  -> (artifact id: '801261e23928222976b8656e9f3d3045') in 0.017001 seconds
  Import took 0.028053 seconds .

========================================================================
Received Import Request.
  Time since last request: 0.000655 seconds.
  path: Assets/2DGamekit/Prefabs/VFX/Enemies/Gunner/LightningFloor.prefab
  artifactKey: Guid(790785ce1430b304194fd6139de35800) Importer(815301076,1909f56bfc062723c751e8b465ee728b)
Start importing Assets/2DGamekit/Prefabs/VFX/Enemies/Gunner/LightningFloor.prefab using Guid(790785ce1430b304194fd6139de35800) Importer(815301076,1909f56bfc062723c751e8b465ee728b)  -> (artifact id: 'a20bbf7e69871b71b0902f1b6ea827b9') in 0.205694 seconds
  Import took 0.215941 seconds .

========================================================================
Received Import Request.
  Time since last request: 0.000670 seconds.
  path: Assets/2DGamekit/Prefabs/VFX/Enemies/Gunner/GunnerHitDamage.prefab
  artifactKey: Guid(b3bb281a13618314da45e7c0d01d9f5f) Importer(815301076,1909f56bfc062723c751e8b465ee728b)
Start importing Assets/2DGamekit/Prefabs/VFX/Enemies/Gunner/GunnerHitDamage.prefab using Guid(b3bb281a13618314da45e7c0d01d9f5f) Importer(815301076,1909f56bfc062723c751e8b465ee728b)  -> (artifact id: 'b8d91772ab009a3cfd4e4f51b0beb0a3') in 0.015516 seconds
  Import took 0.025676 seconds .

========================================================================
Received Import Request.
  Time since last request: 0.000881 seconds.
  path: Assets/2DGamekit/Prefabs/VFX/Enemies/Gunner/GunnerLightning.prefab
  artifactKey: Guid(0fce9aca7785d364a90b48c98c3a51b6) Importer(815301076,1909f56bfc062723c751e8b465ee728b)
Start importing Assets/2DGamekit/Prefabs/VFX/Enemies/Gunner/GunnerLightning.prefab using Guid(0fce9aca7785d364a90b48c98c3a51b6) Importer(815301076,1909f56bfc062723c751e8b465ee728b)  -> (artifact id: '621a4c9f9dd05f235ee60c353e987b6a') in 0.019981 seconds
  Import took 0.029020 seconds .

========================================================================
Received Import Request.
  Time since last request: 0.000682 seconds.
  path: Assets/2DGamekit/Prefabs/VFX/Enemies/Gunner/GunnerProjectile.prefab
  artifactKey: Guid(7cca00a010a54534493450e42c76b7bb) Importer(815301076,1909f56bfc062723c751e8b465ee728b)
Start importing Assets/2DGamekit/Prefabs/VFX/Enemies/Gunner/GunnerProjectile.prefab using Guid(7cca00a010a54534493450e42c76b7bb) Importer(815301076,1909f56bfc062723c751e8b465ee728b)  -> (artifact id: '2bb3812726c33109fd47a8551382befa') in 0.040335 seconds
  Import took 0.052652 seconds .

========================================================================
Received Import Request.
  Time since last request: 0.000834 seconds.
  path: Assets/2DGamekit/Prefabs/VFX/Enemies/Gunner/GunnerShield.prefab
  artifactKey: Guid(4ba44c764bf20fc4c88a7a42dca61256) Importer(815301076,1909f56bfc062723c751e8b465ee728b)
Start importing Assets/2DGamekit/Prefabs/VFX/Enemies/Gunner/GunnerShield.prefab using Guid(4ba44c764bf20fc4c88a7a42dca61256) Importer(815301076,1909f56bfc062723c751e8b465ee728b)  -> (artifact id: '016f341a92e7e72402d128f60592af83') in 0.127162 seconds
  Import took 0.137895 seconds .

========================================================================
Received Import Request.
  Time since last request: 0.000680 seconds.
  path: Assets/2DGamekit/Prefabs/VFX/Enemies/Gunner/GunnerBeamEffect.prefab
  artifactKey: Guid(296b19e4ad513154e9aa7cff2f759a1e) Importer(815301076,1909f56bfc062723c751e8b465ee728b)
Start importing Assets/2DGamekit/Prefabs/VFX/Enemies/Gunner/GunnerBeamEffect.prefab using Guid(296b19e4ad513154e9aa7cff2f759a1e) Importer(815301076,1909f56bfc062723c751e8b465ee728b)  -> (artifact id: 'd9f423d6722e174e4a303673da516497') in 0.113557 seconds
  Import took 0.122992 seconds .

AssetImportWorkerClient::OnTransportError - code=2 error=End of file
